2025-06-30 12:21:24,212 INFO werkzeug MainThread : [31m[1mWARNING: This is a development server. Do not use it in a production deployment. Use a production WSGI server instead.[0m
 * Running on http://127.0.0.1:5001
2025-06-30 12:21:24,213 INFO werkzeug MainThread : [33mPress CTRL+C to quit[0m
2025-06-30 17:36:44,604 INFO sentence_transformers.SentenceTransformer : Use pytorch device_name: cuda:0
2025-06-30 17:36:44,605 INFO sentence_transformers.SentenceTransformer : Load pretrained SentenceTransformer: sentence-transformers/paraphrase-multilingual-mpnet-base-v2
2025-06-30 17:36:44,607 DEBUG urllib3.connectionpool : Starting new HTTPS connection (1): huggingface.co:443
2025-06-30 17:36:54,710 DEBUG urllib3.connectionpool : Starting new HTTPS connection (2): huggingface.co:443
2025-06-30 17:37:04,726 DEBUG urllib3.connectionpool : Starting new HTTPS connection (3): huggingface.co:443
2025-06-30 17:37:14,739 DEBUG urllib3.connectionpool : Starting new HTTPS connection (4): huggingface.co:443
2025-06-30 17:37:24,771 DEBUG urllib3.connectionpool : Starting new HTTPS connection (5): huggingface.co:443
2025-06-30 17:37:34,800 DEBUG urllib3.connectionpool : Starting new HTTPS connection (6): huggingface.co:443
2025-06-30 17:37:44,825 DEBUG urllib3.connectionpool : Starting new HTTPS connection (7): huggingface.co:443
2025-06-30 17:37:45,612 DEBUG urllib3.connectionpool : https://huggingface.co:443 "HEAD /sentence-transformers/paraphrase-multilingual-mpnet-base-v2/resolve/main/config.json HTTP/1.1" 307 0
2025-06-30 17:37:45,616 DEBUG urllib3.connectionpool : https://huggingface.co:443 "HEAD /api/resolve-cache/models/sentence-transformers/paraphrase-multilingual-mpnet-base-v2/84fccfe766bcfd679e39efefe4ebf45af190ad2d/config.json HTTP/1.1" 200 0
2025-06-30 17:37:46,709 DEBUG urllib3.connectionpool : https://huggingface.co:443 "HEAD /sentence-transformers/paraphrase-multilingual-mpnet-base-v2/resolve/main/tokenizer_config.json HTTP/1.1" 307 0
2025-06-30 17:37:46,725 DEBUG urllib3.connectionpool : https://huggingface.co:443 "HEAD /api/resolve-cache/models/sentence-transformers/paraphrase-multilingual-mpnet-base-v2/84fccfe766bcfd679e39efefe4ebf45af190ad2d/tokenizer_config.json HTTP/1.1" 200 0
2025-06-30 17:37:46,987 DEBUG urllib3.connectionpool : https://huggingface.co:443 "GET /api/models/sentence-transformers/paraphrase-multilingual-mpnet-base-v2/tree/main/additional_chat_templates?recursive=False&expand=False HTTP/1.1" 404 64
2025-06-30 17:37:48,127 DEBUG urllib3.connectionpool : https://huggingface.co:443 "GET /api/models/sentence-transformers/paraphrase-multilingual-mpnet-base-v2/revision/main HTTP/1.1" 200 6331
2025-06-30 17:37:48,362 DEBUG urllib3.connectionpool : https://huggingface.co:443 "GET /api/models/sentence-transformers/paraphrase-multilingual-mpnet-base-v2 HTTP/1.1" 200 6331
2025-06-30 17:37:49,062 INFO werkzeug : [31m[1mWARNING: This is a development server. Do not use it in a production deployment. Use a production WSGI server instead.[0m
 * Running on http://127.0.0.1:5001
2025-06-30 17:37:49,062 INFO werkzeug : [33mPress CTRL+C to quit[0m
2025-06-30 17:39:24,212 INFO sentence_transformers.SentenceTransformer : Use pytorch device_name: cuda:0
2025-06-30 17:39:24,212 INFO sentence_transformers.SentenceTransformer : Load pretrained SentenceTransformer: sentence-transformers/paraphrase-multilingual-mpnet-base-v2
2025-06-30 17:39:24,221 DEBUG urllib3.connectionpool : Starting new HTTPS connection (1): huggingface.co:443
2025-06-30 17:39:24,530 DEBUG urllib3.connectionpool : https://huggingface.co:443 "HEAD /sentence-transformers/paraphrase-multilingual-mpnet-base-v2/resolve/main/modules.json HTTP/1.1" 307 0
2025-06-30 17:39:24,546 DEBUG urllib3.connectionpool : https://huggingface.co:443 "HEAD /api/resolve-cache/models/sentence-transformers/paraphrase-multilingual-mpnet-base-v2/84fccfe766bcfd679e39efefe4ebf45af190ad2d/modules.json HTTP/1.1" 200 0
2025-06-30 17:39:24,774 DEBUG urllib3.connectionpool : https://huggingface.co:443 "HEAD /sentence-transformers/paraphrase-multilingual-mpnet-base-v2/resolve/main/config_sentence_transformers.json HTTP/1.1" 307 0
2025-06-30 17:39:24,775 DEBUG urllib3.connectionpool : https://huggingface.co:443 "HEAD /api/resolve-cache/models/sentence-transformers/paraphrase-multilingual-mpnet-base-v2/84fccfe766bcfd679e39efefe4ebf45af190ad2d/config_sentence_transformers.json HTTP/1.1" 200 0
2025-06-30 17:39:25,014 DEBUG urllib3.connectionpool : https://huggingface.co:443 "HEAD /sentence-transformers/paraphrase-multilingual-mpnet-base-v2/resolve/main/README.md HTTP/1.1" 307 0
2025-06-30 17:39:25,027 DEBUG urllib3.connectionpool : https://huggingface.co:443 "HEAD /api/resolve-cache/models/sentence-transformers/paraphrase-multilingual-mpnet-base-v2/84fccfe766bcfd679e39efefe4ebf45af190ad2d/README.md HTTP/1.1" 200 0
2025-06-30 17:39:25,257 DEBUG urllib3.connectionpool : https://huggingface.co:443 "HEAD /sentence-transformers/paraphrase-multilingual-mpnet-base-v2/resolve/main/modules.json HTTP/1.1" 307 0
2025-06-30 17:39:25,272 DEBUG urllib3.connectionpool : https://huggingface.co:443 "HEAD /api/resolve-cache/models/sentence-transformers/paraphrase-multilingual-mpnet-base-v2/84fccfe766bcfd679e39efefe4ebf45af190ad2d/modules.json HTTP/1.1" 200 0
2025-06-30 17:39:25,498 DEBUG urllib3.connectionpool : https://huggingface.co:443 "HEAD /sentence-transformers/paraphrase-multilingual-mpnet-base-v2/resolve/main/sentence_bert_config.json HTTP/1.1" 307 0
2025-06-30 17:39:25,510 DEBUG urllib3.connectionpool : https://huggingface.co:443 "HEAD /api/resolve-cache/models/sentence-transformers/paraphrase-multilingual-mpnet-base-v2/84fccfe766bcfd679e39efefe4ebf45af190ad2d/sentence_bert_config.json HTTP/1.1" 200 0
2025-06-30 17:39:25,731 DEBUG urllib3.connectionpool : https://huggingface.co:443 "HEAD /sentence-transformers/paraphrase-multilingual-mpnet-base-v2/resolve/main/adapter_config.json HTTP/1.1" 404 0
2025-06-30 17:39:25,965 DEBUG urllib3.connectionpool : https://huggingface.co:443 "HEAD /sentence-transformers/paraphrase-multilingual-mpnet-base-v2/resolve/main/config.json HTTP/1.1" 307 0
2025-06-30 17:39:25,992 DEBUG urllib3.connectionpool : https://huggingface.co:443 "HEAD /api/resolve-cache/models/sentence-transformers/paraphrase-multilingual-mpnet-base-v2/84fccfe766bcfd679e39efefe4ebf45af190ad2d/config.json HTTP/1.1" 200 0
2025-06-30 17:39:27,238 DEBUG urllib3.connectionpool : https://huggingface.co:443 "HEAD /sentence-transformers/paraphrase-multilingual-mpnet-base-v2/resolve/main/tokenizer_config.json HTTP/1.1" 307 0
2025-06-30 17:39:27,253 DEBUG urllib3.connectionpool : https://huggingface.co:443 "HEAD /api/resolve-cache/models/sentence-transformers/paraphrase-multilingual-mpnet-base-v2/84fccfe766bcfd679e39efefe4ebf45af190ad2d/tokenizer_config.json HTTP/1.1" 200 0
2025-06-30 17:39:27,508 DEBUG urllib3.connectionpool : https://huggingface.co:443 "GET /api/models/sentence-transformers/paraphrase-multilingual-mpnet-base-v2/tree/main/additional_chat_templates?recursive=False&expand=False HTTP/1.1" 404 64
2025-06-30 17:39:28,658 DEBUG urllib3.connectionpool : https://huggingface.co:443 "GET /api/models/sentence-transformers/paraphrase-multilingual-mpnet-base-v2/revision/main HTTP/1.1" 200 6331
2025-06-30 17:39:28,891 DEBUG urllib3.connectionpool : https://huggingface.co:443 "GET /api/models/sentence-transformers/paraphrase-multilingual-mpnet-base-v2 HTTP/1.1" 200 6331
2025-06-30 17:39:29,584 INFO werkzeug : [31m[1mWARNING: This is a development server. Do not use it in a production deployment. Use a production WSGI server instead.[0m
 * Running on http://127.0.0.1:5001
2025-06-30 17:39:29,584 INFO werkzeug : [33mPress CTRL+C to quit[0m
2025-06-30 17:41:06,381 INFO sentence_transformers.SentenceTransformer : Use pytorch device_name: cuda:0
2025-06-30 17:41:06,381 INFO sentence_transformers.SentenceTransformer : Load pretrained SentenceTransformer: sentence-transformers/paraphrase-multilingual-mpnet-base-v2
2025-06-30 17:41:06,384 DEBUG urllib3.connectionpool : Starting new HTTPS connection (1): huggingface.co:443
2025-06-30 17:41:06,685 DEBUG urllib3.connectionpool : https://huggingface.co:443 "HEAD /sentence-transformers/paraphrase-multilingual-mpnet-base-v2/resolve/main/modules.json HTTP/1.1" 307 0
2025-06-30 17:41:06,705 DEBUG urllib3.connectionpool : https://huggingface.co:443 "HEAD /api/resolve-cache/models/sentence-transformers/paraphrase-multilingual-mpnet-base-v2/84fccfe766bcfd679e39efefe4ebf45af190ad2d/modules.json HTTP/1.1" 200 0
2025-06-30 17:41:06,935 DEBUG urllib3.connectionpool : https://huggingface.co:443 "HEAD /sentence-transformers/paraphrase-multilingual-mpnet-base-v2/resolve/main/config_sentence_transformers.json HTTP/1.1" 307 0
2025-06-30 17:41:06,956 DEBUG urllib3.connectionpool : https://huggingface.co:443 "HEAD /api/resolve-cache/models/sentence-transformers/paraphrase-multilingual-mpnet-base-v2/84fccfe766bcfd679e39efefe4ebf45af190ad2d/config_sentence_transformers.json HTTP/1.1" 200 0
2025-06-30 17:41:07,184 DEBUG urllib3.connectionpool : https://huggingface.co:443 "HEAD /sentence-transformers/paraphrase-multilingual-mpnet-base-v2/resolve/main/README.md HTTP/1.1" 307 0
2025-06-30 17:41:07,199 DEBUG urllib3.connectionpool : https://huggingface.co:443 "HEAD /api/resolve-cache/models/sentence-transformers/paraphrase-multilingual-mpnet-base-v2/84fccfe766bcfd679e39efefe4ebf45af190ad2d/README.md HTTP/1.1" 200 0
2025-06-30 17:41:07,431 DEBUG urllib3.connectionpool : https://huggingface.co:443 "HEAD /sentence-transformers/paraphrase-multilingual-mpnet-base-v2/resolve/main/modules.json HTTP/1.1" 307 0
2025-06-30 17:41:07,443 DEBUG urllib3.connectionpool : https://huggingface.co:443 "HEAD /api/resolve-cache/models/sentence-transformers/paraphrase-multilingual-mpnet-base-v2/84fccfe766bcfd679e39efefe4ebf45af190ad2d/modules.json HTTP/1.1" 200 0
2025-06-30 17:41:07,669 DEBUG urllib3.connectionpool : https://huggingface.co:443 "HEAD /sentence-transformers/paraphrase-multilingual-mpnet-base-v2/resolve/main/sentence_bert_config.json HTTP/1.1" 307 0
2025-06-30 17:41:07,681 DEBUG urllib3.connectionpool : https://huggingface.co:443 "HEAD /api/resolve-cache/models/sentence-transformers/paraphrase-multilingual-mpnet-base-v2/84fccfe766bcfd679e39efefe4ebf45af190ad2d/sentence_bert_config.json HTTP/1.1" 200 0
2025-06-30 17:41:07,915 DEBUG urllib3.connectionpool : https://huggingface.co:443 "HEAD /sentence-transformers/paraphrase-multilingual-mpnet-base-v2/resolve/main/adapter_config.json HTTP/1.1" 404 0
2025-06-30 17:41:08,144 DEBUG urllib3.connectionpool : https://huggingface.co:443 "HEAD /sentence-transformers/paraphrase-multilingual-mpnet-base-v2/resolve/main/config.json HTTP/1.1" 307 0
2025-06-30 17:41:08,157 DEBUG urllib3.connectionpool : https://huggingface.co:443 "HEAD /api/resolve-cache/models/sentence-transformers/paraphrase-multilingual-mpnet-base-v2/84fccfe766bcfd679e39efefe4ebf45af190ad2d/config.json HTTP/1.1" 200 0
2025-06-30 17:41:09,267 DEBUG urllib3.connectionpool : https://huggingface.co:443 "HEAD /sentence-transformers/paraphrase-multilingual-mpnet-base-v2/resolve/main/tokenizer_config.json HTTP/1.1" 307 0
2025-06-30 17:41:09,277 DEBUG urllib3.connectionpool : https://huggingface.co:443 "HEAD /api/resolve-cache/models/sentence-transformers/paraphrase-multilingual-mpnet-base-v2/84fccfe766bcfd679e39efefe4ebf45af190ad2d/tokenizer_config.json HTTP/1.1" 200 0
2025-06-30 17:41:09,517 DEBUG urllib3.connectionpool : https://huggingface.co:443 "GET /api/models/sentence-transformers/paraphrase-multilingual-mpnet-base-v2/tree/main/additional_chat_templates?recursive=False&expand=False HTTP/1.1" 404 64
2025-06-30 17:41:10,669 DEBUG urllib3.connectionpool : https://huggingface.co:443 "GET /api/models/sentence-transformers/paraphrase-multilingual-mpnet-base-v2/revision/main HTTP/1.1" 200 6331
2025-06-30 17:41:10,901 DEBUG urllib3.connectionpool : https://huggingface.co:443 "GET /api/models/sentence-transformers/paraphrase-multilingual-mpnet-base-v2 HTTP/1.1" 200 6331
2025-06-30 17:41:11,587 INFO werkzeug : [31m[1mWARNING: This is a development server. Do not use it in a production deployment. Use a production WSGI server instead.[0m
 * Running on http://127.0.0.1:5001
2025-06-30 17:41:11,587 INFO werkzeug : [33mPress CTRL+C to quit[0m
2025-06-30 17:41:13,757 INFO werkzeug : 127.0.0.1 - - [30/Jun/2025 17:41:13] "POST /search HTTP/1.1" 200 -
2025-06-30 17:41:44,932 INFO werkzeug : 127.0.0.1 - - [30/Jun/2025 17:41:44] "POST /search HTTP/1.1" 200 -
2025-06-30 17:41:53,743 INFO werkzeug : 127.0.0.1 - - [30/Jun/2025 17:41:53] "POST /search HTTP/1.1" 200 -
2025-06-30 17:48:21,961 INFO sentence_transformers.SentenceTransformer : Use pytorch device_name: cuda:0
2025-06-30 17:48:21,961 INFO sentence_transformers.SentenceTransformer : Load pretrained SentenceTransformer: sentence-transformers/paraphrase-multilingual-mpnet-base-v2
2025-06-30 17:48:21,964 DEBUG urllib3.connectionpool : Starting new HTTPS connection (1): huggingface.co:443
2025-06-30 17:48:22,341 DEBUG urllib3.connectionpool : https://huggingface.co:443 "HEAD /sentence-transformers/paraphrase-multilingual-mpnet-base-v2/resolve/main/modules.json HTTP/1.1" 307 0
2025-06-30 17:48:22,351 DEBUG urllib3.connectionpool : https://huggingface.co:443 "HEAD /api/resolve-cache/models/sentence-transformers/paraphrase-multilingual-mpnet-base-v2/84fccfe766bcfd679e39efefe4ebf45af190ad2d/modules.json HTTP/1.1" 200 0
2025-06-30 17:48:22,596 DEBUG urllib3.connectionpool : https://huggingface.co:443 "HEAD /sentence-transformers/paraphrase-multilingual-mpnet-base-v2/resolve/main/config_sentence_transformers.json HTTP/1.1" 307 0
2025-06-30 17:48:22,629 DEBUG urllib3.connectionpool : https://huggingface.co:443 "HEAD /api/resolve-cache/models/sentence-transformers/paraphrase-multilingual-mpnet-base-v2/84fccfe766bcfd679e39efefe4ebf45af190ad2d/config_sentence_transformers.json HTTP/1.1" 200 0
2025-06-30 17:48:22,864 DEBUG urllib3.connectionpool : https://huggingface.co:443 "HEAD /sentence-transformers/paraphrase-multilingual-mpnet-base-v2/resolve/main/README.md HTTP/1.1" 307 0
2025-06-30 17:48:22,879 DEBUG urllib3.connectionpool : https://huggingface.co:443 "HEAD /api/resolve-cache/models/sentence-transformers/paraphrase-multilingual-mpnet-base-v2/84fccfe766bcfd679e39efefe4ebf45af190ad2d/README.md HTTP/1.1" 200 0
2025-06-30 17:48:23,111 DEBUG urllib3.connectionpool : https://huggingface.co:443 "HEAD /sentence-transformers/paraphrase-multilingual-mpnet-base-v2/resolve/main/modules.json HTTP/1.1" 307 0
2025-06-30 17:48:23,127 DEBUG urllib3.connectionpool : https://huggingface.co:443 "HEAD /api/resolve-cache/models/sentence-transformers/paraphrase-multilingual-mpnet-base-v2/84fccfe766bcfd679e39efefe4ebf45af190ad2d/modules.json HTTP/1.1" 200 0
2025-06-30 17:48:23,356 DEBUG urllib3.connectionpool : https://huggingface.co:443 "HEAD /sentence-transformers/paraphrase-multilingual-mpnet-base-v2/resolve/main/sentence_bert_config.json HTTP/1.1" 307 0
2025-06-30 17:48:23,380 DEBUG urllib3.connectionpool : https://huggingface.co:443 "HEAD /api/resolve-cache/models/sentence-transformers/paraphrase-multilingual-mpnet-base-v2/84fccfe766bcfd679e39efefe4ebf45af190ad2d/sentence_bert_config.json HTTP/1.1" 200 0
2025-06-30 17:48:23,604 DEBUG urllib3.connectionpool : https://huggingface.co:443 "HEAD /sentence-transformers/paraphrase-multilingual-mpnet-base-v2/resolve/main/adapter_config.json HTTP/1.1" 404 0
2025-06-30 17:48:23,836 DEBUG urllib3.connectionpool : https://huggingface.co:443 "HEAD /sentence-transformers/paraphrase-multilingual-mpnet-base-v2/resolve/main/config.json HTTP/1.1" 307 0
2025-06-30 17:48:23,852 DEBUG urllib3.connectionpool : https://huggingface.co:443 "HEAD /api/resolve-cache/models/sentence-transformers/paraphrase-multilingual-mpnet-base-v2/84fccfe766bcfd679e39efefe4ebf45af190ad2d/config.json HTTP/1.1" 200 0
2025-06-30 17:48:25,121 DEBUG urllib3.connectionpool : https://huggingface.co:443 "HEAD /sentence-transformers/paraphrase-multilingual-mpnet-base-v2/resolve/main/tokenizer_config.json HTTP/1.1" 307 0
2025-06-30 17:48:25,138 DEBUG urllib3.connectionpool : https://huggingface.co:443 "HEAD /api/resolve-cache/models/sentence-transformers/paraphrase-multilingual-mpnet-base-v2/84fccfe766bcfd679e39efefe4ebf45af190ad2d/tokenizer_config.json HTTP/1.1" 200 0
2025-06-30 17:48:25,404 DEBUG urllib3.connectionpool : https://huggingface.co:443 "GET /api/models/sentence-transformers/paraphrase-multilingual-mpnet-base-v2/tree/main/additional_chat_templates?recursive=False&expand=False HTTP/1.1" 404 64
2025-06-30 17:48:26,455 DEBUG urllib3.connectionpool : https://huggingface.co:443 "GET /api/models/sentence-transformers/paraphrase-multilingual-mpnet-base-v2/revision/main HTTP/1.1" 200 6331
2025-06-30 17:48:26,705 DEBUG urllib3.connectionpool : https://huggingface.co:443 "GET /api/models/sentence-transformers/paraphrase-multilingual-mpnet-base-v2 HTTP/1.1" 200 6331
2025-06-30 17:48:27,484 INFO werkzeug : 127.0.0.1 - - [30/Jun/2025 17:48:27] "POST /search HTTP/1.1" 200 -
2025-06-30 17:48:28,384 INFO werkzeug : [31m[1mWARNING: This is a development server. Do not use it in a production deployment. Use a production WSGI server instead.[0m
 * Running on http://127.0.0.1:5001
2025-06-30 17:48:28,384 INFO werkzeug : [33mPress CTRL+C to quit[0m
2025-06-30 17:48:42,679 INFO werkzeug : 127.0.0.1 - - [30/Jun/2025 17:48:42] "POST /search HTTP/1.1" 200 -
2025-06-30 18:16:48,585 ERROR app : An error occurred during search
Traceback (most recent call last):
  File "C:\Users\omara\OneDrive\Desktop\IFTAA_Project\app.py", line 54, in search
  File "C:\Users\omara\AppData\Local\Packages\PythonSoftwareFoundation.Python.3.11_qbz5n2kfra8p0\LocalCache\local-packages\Python311\site-packages\pymilvus\orm\collection.py", line 800, in search
    resp = conn.search(
           ^^^^^^^^^^^^
  File "C:\Users\omara\AppData\Local\Packages\PythonSoftwareFoundation.Python.3.11_qbz5n2kfra8p0\LocalCache\local-packages\Python311\site-packages\pymilvus\decorators.py", line 141, in handler
    raise e from e
  File "C:\Users\omara\AppData\Local\Packages\PythonSoftwareFoundation.Python.3.11_qbz5n2kfra8p0\LocalCache\local-packages\Python311\site-packages\pymilvus\decorators.py", line 137, in handler
    return func(*args, **kwargs)
           ^^^^^^^^^^^^^^^^^^^^^
  File "C:\Users\omara\AppData\Local\Packages\PythonSoftwareFoundation.Python.3.11_qbz5n2kfra8p0\LocalCache\local-packages\Python311\site-packages\pymilvus\decorators.py", line 173, in handler
    return func(self, *args, **kwargs)
           ^^^^^^^^^^^^^^^^^^^^^^^^^^^
  File "C:\Users\omara\AppData\Local\Packages\PythonSoftwareFoundation.Python.3.11_qbz5n2kfra8p0\LocalCache\local-packages\Python311\site-packages\pymilvus\decorators.py", line 116, in handler
    raise e from e
  File "C:\Users\omara\AppData\Local\Packages\PythonSoftwareFoundation.Python.3.11_qbz5n2kfra8p0\LocalCache\local-packages\Python311\site-packages\pymilvus\decorators.py", line 86, in handler
    return func(*args, **kwargs)
           ^^^^^^^^^^^^^^^^^^^^^
  File "C:\Users\omara\AppData\Local\Packages\PythonSoftwareFoundation.Python.3.11_qbz5n2kfra8p0\LocalCache\local-packages\Python311\site-packages\pymilvus\client\grpc_handler.py", line 924, in search
    return self._execute_search(request, timeout, round_decimal=round_decimal, **kwargs)
           ^^^^^^^^^^^^^^^^^^^^^^^^^^^^^^^^^^^^^^^^^^^^^^^^^^^^^^^^^^^^^^^^^^^^^^^^^^^^^
  File "C:\Users\omara\AppData\Local\Packages\PythonSoftwareFoundation.Python.3.11_qbz5n2kfra8p0\LocalCache\local-packages\Python311\site-packages\pymilvus\client\grpc_handler.py", line 861, in _execute_search
    raise e from e
  File "C:\Users\omara\AppData\Local\Packages\PythonSoftwareFoundation.Python.3.11_qbz5n2kfra8p0\LocalCache\local-packages\Python311\site-packages\pymilvus\client\grpc_handler.py", line 850, in _execute_search
    check_status(response.status)
  File "C:\Users\omara\AppData\Local\Packages\PythonSoftwareFoundation.Python.3.11_qbz5n2kfra8p0\LocalCache\local-packages\Python311\site-packages\pymilvus\client\utils.py", line 64, in check_status
    raise MilvusException(status.code, status.reason, status.error_code)
pymilvus.exceptions.MilvusException: <MilvusException: (code=101, message=failed to search: collection not loaded[collection=459083640145992698])>
2025-06-30 18:16:48,668 INFO werkzeug : 127.0.0.1 - - [30/Jun/2025 18:16:48] "[35m[1mPOST /search HTTP/1.1[0m" 500 -
2025-06-30 18:16:59,140 INFO werkzeug : 127.0.0.1 - - [30/Jun/2025 18:16:59] "POST /search HTTP/1.1" 200 -
2025-06-30 18:18:55,499 ERROR app : An error occurred during search
Traceback (most recent call last):
  File "C:\Users\omara\OneDrive\Desktop\IFTAA_Project\app.py", line 54, in search
  File "C:\Users\omara\AppData\Local\Packages\PythonSoftwareFoundation.Python.3.11_qbz5n2kfra8p0\LocalCache\local-packages\Python311\site-packages\pymilvus\orm\collection.py", line 800, in search
    resp = conn.search(
           ^^^^^^^^^^^^
  File "C:\Users\omara\AppData\Local\Packages\PythonSoftwareFoundation.Python.3.11_qbz5n2kfra8p0\LocalCache\local-packages\Python311\site-packages\pymilvus\decorators.py", line 141, in handler
    raise e from e
  File "C:\Users\omara\AppData\Local\Packages\PythonSoftwareFoundation.Python.3.11_qbz5n2kfra8p0\LocalCache\local-packages\Python311\site-packages\pymilvus\decorators.py", line 137, in handler
    return func(*args, **kwargs)
           ^^^^^^^^^^^^^^^^^^^^^
  File "C:\Users\omara\AppData\Local\Packages\PythonSoftwareFoundation.Python.3.11_qbz5n2kfra8p0\LocalCache\local-packages\Python311\site-packages\pymilvus\decorators.py", line 173, in handler
    return func(self, *args, **kwargs)
           ^^^^^^^^^^^^^^^^^^^^^^^^^^^
  File "C:\Users\omara\AppData\Local\Packages\PythonSoftwareFoundation.Python.3.11_qbz5n2kfra8p0\LocalCache\local-packages\Python311\site-packages\pymilvus\decorators.py", line 116, in handler
    raise e from e
  File "C:\Users\omara\AppData\Local\Packages\PythonSoftwareFoundation.Python.3.11_qbz5n2kfra8p0\LocalCache\local-packages\Python311\site-packages\pymilvus\decorators.py", line 86, in handler
    return func(*args, **kwargs)
           ^^^^^^^^^^^^^^^^^^^^^
  File "C:\Users\omara\AppData\Local\Packages\PythonSoftwareFoundation.Python.3.11_qbz5n2kfra8p0\LocalCache\local-packages\Python311\site-packages\pymilvus\client\grpc_handler.py", line 924, in search
    return self._execute_search(request, timeout, round_decimal=round_decimal, **kwargs)
           ^^^^^^^^^^^^^^^^^^^^^^^^^^^^^^^^^^^^^^^^^^^^^^^^^^^^^^^^^^^^^^^^^^^^^^^^^^^^^
  File "C:\Users\omara\AppData\Local\Packages\PythonSoftwareFoundation.Python.3.11_qbz5n2kfra8p0\LocalCache\local-packages\Python311\site-packages\pymilvus\client\grpc_handler.py", line 861, in _execute_search
    raise e from e
  File "C:\Users\omara\AppData\Local\Packages\PythonSoftwareFoundation.Python.3.11_qbz5n2kfra8p0\LocalCache\local-packages\Python311\site-packages\pymilvus\client\grpc_handler.py", line 850, in _execute_search
    check_status(response.status)
  File "C:\Users\omara\AppData\Local\Packages\PythonSoftwareFoundation.Python.3.11_qbz5n2kfra8p0\LocalCache\local-packages\Python311\site-packages\pymilvus\client\utils.py", line 64, in check_status
    raise MilvusException(status.code, status.reason, status.error_code)
pymilvus.exceptions.MilvusException: <MilvusException: (code=101, message=failed to search: collection not loaded[collection=459083640145993445])>
2025-06-30 18:18:55,509 INFO werkzeug : 127.0.0.1 - - [30/Jun/2025 18:18:55] "[35m[1mPOST /search HTTP/1.1[0m" 500 -
